<?xml version="1.0" encoding="UTF-8"?><testrun name="Runner" project="academia-seleniumwebdriver" tests="3" started="1" failures="0" errors="2" ignored="0">
  <testsuite name="runner.Runner" time="0.817" incomplete="true" displayname="Runner" uniqueid="[engine:junit-vintage]/[runner:runner.Runner]">
    <error>org.junit.runner.notification.StoppedByUserException&#13;
	at org.junit.runner.notification.RunNotifier.fireTestStarted(RunNotifier.java:151)&#13;
	at io.cucumber.junit.FeatureRunner.runChild(FeatureRunner.java:142)&#13;
	at io.cucumber.junit.FeatureRunner.runChild(FeatureRunner.java:28)&#13;
	at org.junit.runners.ParentRunner$4.run(ParentRunner.java:331)&#13;
	at org.junit.runners.ParentRunner$1.schedule(ParentRunner.java:79)&#13;
	at org.junit.runners.ParentRunner.runChildren(ParentRunner.java:329)&#13;
	at org.junit.runners.ParentRunner.access$100(ParentRunner.java:66)&#13;
	at org.junit.runners.ParentRunner$2.evaluate(ParentRunner.java:293)&#13;
	at org.junit.runners.ParentRunner$3.evaluate(ParentRunner.java:306)&#13;
	at org.junit.runners.ParentRunner.run(ParentRunner.java:413)&#13;
	at io.cucumber.junit.FeatureRunner.run(FeatureRunner.java:137)&#13;
	at io.cucumber.junit.Cucumber.runChild(Cucumber.java:196)&#13;
	at io.cucumber.junit.Cucumber.runChild(Cucumber.java:89)&#13;
	at org.junit.runners.ParentRunner$4.run(ParentRunner.java:331)&#13;
	at org.junit.runners.ParentRunner$1.schedule(ParentRunner.java:79)&#13;
	at org.junit.runners.ParentRunner.runChildren(ParentRunner.java:329)&#13;
	at org.junit.runners.ParentRunner.access$100(ParentRunner.java:66)&#13;
	at org.junit.runners.ParentRunner$2.evaluate(ParentRunner.java:293)&#13;
	at io.cucumber.junit.Cucumber$RunBeforeAllHooks.evaluate(Cucumber.java:266)&#13;
	at io.cucumber.junit.Cucumber$RunAfterAllHooks.evaluate(Cucumber.java:281)&#13;
	at io.cucumber.junit.Cucumber$StartTestRun.evaluate(Cucumber.java:233)&#13;
	at io.cucumber.junit.Cucumber$FinishTestRun.evaluate(Cucumber.java:248)&#13;
	at org.junit.runners.ParentRunner$3.evaluate(ParentRunner.java:306)&#13;
	at org.junit.runners.ParentRunner.run(ParentRunner.java:413)&#13;
	at org.junit.runner.JUnitCore.run(JUnitCore.java:137)&#13;
	at org.junit.runner.JUnitCore.run(JUnitCore.java:115)&#13;
	at org.junit.vintage.engine.execution.RunnerExecutor.execute(RunnerExecutor.java:42)&#13;
	at org.junit.vintage.engine.VintageTestEngine.executeAllChildren(VintageTestEngine.java:80)&#13;
	at org.junit.vintage.engine.VintageTestEngine.execute(VintageTestEngine.java:72)&#13;
	at org.junit.platform.launcher.core.EngineExecutionOrchestrator.execute(EngineExecutionOrchestrator.java:107)&#13;
	at org.junit.platform.launcher.core.EngineExecutionOrchestrator.execute(EngineExecutionOrchestrator.java:88)&#13;
	at org.junit.platform.launcher.core.EngineExecutionOrchestrator.lambda$execute$0(EngineExecutionOrchestrator.java:54)&#13;
	at org.junit.platform.launcher.core.EngineExecutionOrchestrator.withInterceptedStreams(EngineExecutionOrchestrator.java:67)&#13;
	at org.junit.platform.launcher.core.EngineExecutionOrchestrator.execute(EngineExecutionOrchestrator.java:52)&#13;
	at org.junit.platform.launcher.core.DefaultLauncher.execute(DefaultLauncher.java:114)&#13;
	at org.junit.platform.launcher.core.DefaultLauncher.execute(DefaultLauncher.java:95)&#13;
	at org.junit.platform.launcher.core.DefaultLauncherSession$DelegatingLauncher.execute(DefaultLauncherSession.java:91)&#13;
	at org.junit.platform.launcher.core.SessionPerRequestLauncher.execute(SessionPerRequestLauncher.java:60)&#13;
	at org.eclipse.jdt.internal.junit5.runner.JUnit5TestReference.run(JUnit5TestReference.java:98)&#13;
	at org.eclipse.jdt.internal.junit.runner.TestExecution.run(TestExecution.java:40)&#13;
	at org.eclipse.jdt.internal.junit.runner.RemoteTestRunner.runTests(RemoteTestRunner.java:529)&#13;
	at org.eclipse.jdt.internal.junit.runner.RemoteTestRunner.runTests(RemoteTestRunner.java:756)&#13;
	at org.eclipse.jdt.internal.junit.runner.RemoteTestRunner.run(RemoteTestRunner.java:452)&#13;
	at org.eclipse.jdt.internal.junit.runner.RemoteTestRunner.main(RemoteTestRunner.java:210)&#13;
&#13;
</error>
    <testsuite name="Validar Compra de produtos alterando o endere�o de Cobranca" time="0.631" uniqueid="[engine:junit-vintage]/[runner:runner.Runner]/[test:rO0ABXNyAClpby5jdWN1bWJlci5qdW5pdC5GZWF0dXJlUnVubmVyJEZlYXR1cmVJZAAAAAAAAAABAgABTAADdXJpdAAOTGphdmEvbmV0L1VSSTt4cHNyAAxqYXZhLm5ldC5VUkmsAXguQ55JqwMAAUwABnN0cmluZ3QAEkxqYXZhL2xhbmcvU3RyaW5nO3hwdACQZmlsZTovLy9DOi9Vc2Vycy81NTgxOS9EZXNrdG9wL0Rlc2FmaW8lMjBRQSUyMC0lMjBKVVNUQS9kZXNhZmlvLWp1c3RhL2FjYWRlbWlhLXNlbGVuaXVtd2ViZHJpdmVyL3NyYy90ZXN0L3Jlc291cmNlcy9mZWF0dXJlcy9jZW5hcmlvRG9pcy5mZWF0dXJleA==]">
      <testcase name="(Validar Compra de produtos alterando o endere�o de Cobranca)" classname="Validar Compra de produtos alterando o endere�o de Cobranca" time="0.631" uniqueid="[engine:junit-vintage]/[runner:runner.Runner]/[test:rO0ABXNyAClpby5jdWN1bWJlci5qdW5pdC5GZWF0dXJlUnVubmVyJEZlYXR1cmVJZAAAAAAAAAABAgABTAADdXJpdAAOTGphdmEvbmV0L1VSSTt4cHNyAAxqYXZhLm5ldC5VUkmsAXguQ55JqwMAAUwABnN0cmluZ3QAEkxqYXZhL2xhbmcvU3RyaW5nO3hwdACQZmlsZTovLy9DOi9Vc2Vycy81NTgxOS9EZXNrdG9wL0Rlc2FmaW8lMjBRQSUyMC0lMjBKVVNUQS9kZXNhZmlvLWp1c3RhL2FjYWRlbWlhLXNlbGVuaXVtd2ViZHJpdmVyL3NyYy90ZXN0L3Jlc291cmNlcy9mZWF0dXJlcy9jZW5hcmlvRG9pcy5mZWF0dXJleA==]/[test:rO0ABXNyAChpby5jdWN1bWJlci5qdW5pdC5QaWNrbGVSdW5uZXJzJFBpY2tsZUlkAAAAAAAAAAECAAJJAApwaWNrbGVMaW5lTAADdXJpdAAOTGphdmEvbmV0L1VSSTt4cAAAABtzcgAMamF2YS5uZXQuVVJJrAF4LkOeSasDAAFMAAZzdHJpbmd0ABJMamF2YS9sYW5nL1N0cmluZzt4cHQAkGZpbGU6Ly8vQzovVXNlcnMvNTU4MTkvRGVza3RvcC9EZXNhZmlvJTIwUUElMjAtJTIwSlVTVEEvZGVzYWZpby1qdXN0YS9hY2FkZW1pYS1zZWxlbml1bXdlYmRyaXZlci9zcmMvdGVzdC9yZXNvdXJjZXMvZmVhdHVyZXMvY2VuYXJpb0RvaXMuZmVhdHVyZXg=]">
        <error>io.cucumber.core.runner.DuplicateStepDefinitionException: Duplicate step definitions in stepdefinitions.cenarioDoisStep.finalizo_o_checkout() and stepdefinitions.cenarioTresStep.finalizo_o_checkout()&#13;
	at io.cucumber.core.runner.CachingGlue.lambda$prepareGlue$3(CachingGlue.java:277)&#13;
	at java.base/java.util.ArrayList.forEach(ArrayList.java:1511)&#13;
	at io.cucumber.core.runner.CachingGlue.prepareGlue(CachingGlue.java:271)&#13;
	at io.cucumber.core.runner.Runner.runPickle(Runner.java:72)&#13;
	at io.cucumber.junit.PickleRunners$NoStepDescriptions.lambda$run$0(PickleRunners.java:151)&#13;
	at io.cucumber.core.runtime.CucumberExecutionContext.lambda$runTestCase$3(CucumberExecutionContext.java:110)&#13;
	at io.cucumber.core.runtime.RethrowingThrowableCollector.executeAndThrow(RethrowingThrowableCollector.java:23)&#13;
	at io.cucumber.core.runtime.CucumberExecutionContext.runTestCase(CucumberExecutionContext.java:110)&#13;
	at io.cucumber.junit.PickleRunners$NoStepDescriptions.run(PickleRunners.java:148)&#13;
	at io.cucumber.junit.FeatureRunner.runChild(FeatureRunner.java:144)&#13;
	at io.cucumber.junit.FeatureRunner.runChild(FeatureRunner.java:28)&#13;
	at org.junit.runners.ParentRunner$4.run(ParentRunner.java:331)&#13;
	at org.junit.runners.ParentRunner$1.schedule(ParentRunner.java:79)&#13;
	at org.junit.runners.ParentRunner.runChildren(ParentRunner.java:329)&#13;
	at org.junit.runners.ParentRunner.access$100(ParentRunner.java:66)&#13;
	at org.junit.runners.ParentRunner$2.evaluate(ParentRunner.java:293)&#13;
	at org.junit.runners.ParentRunner$3.evaluate(ParentRunner.java:306)&#13;
	at org.junit.runners.ParentRunner.run(ParentRunner.java:413)&#13;
	at io.cucumber.junit.FeatureRunner.run(FeatureRunner.java:137)&#13;
	at io.cucumber.junit.Cucumber.runChild(Cucumber.java:196)&#13;
	at io.cucumber.junit.Cucumber.runChild(Cucumber.java:89)&#13;
	at org.junit.runners.ParentRunner$4.run(ParentRunner.java:331)&#13;
	at org.junit.runners.ParentRunner$1.schedule(ParentRunner.java:79)&#13;
	at org.junit.runners.ParentRunner.runChildren(ParentRunner.java:329)&#13;
	at org.junit.runners.ParentRunner.access$100(ParentRunner.java:66)&#13;
	at org.junit.runners.ParentRunner$2.evaluate(ParentRunner.java:293)&#13;
	at io.cucumber.junit.Cucumber$RunBeforeAllHooks.evaluate(Cucumber.java:266)&#13;
	at io.cucumber.junit.Cucumber$RunAfterAllHooks.evaluate(Cucumber.java:281)&#13;
	at io.cucumber.junit.Cucumber$StartTestRun.evaluate(Cucumber.java:233)&#13;
	at io.cucumber.junit.Cucumber$FinishTestRun.evaluate(Cucumber.java:248)&#13;
	at org.junit.runners.ParentRunner$3.evaluate(ParentRunner.java:306)&#13;
	at org.junit.runners.ParentRunner.run(ParentRunner.java:413)&#13;
	at org.junit.runner.JUnitCore.run(JUnitCore.java:137)&#13;
	at org.junit.runner.JUnitCore.run(JUnitCore.java:115)&#13;
	at org.junit.vintage.engine.execution.RunnerExecutor.execute(RunnerExecutor.java:42)&#13;
	at org.junit.vintage.engine.VintageTestEngine.executeAllChildren(VintageTestEngine.java:80)&#13;
	at org.junit.vintage.engine.VintageTestEngine.execute(VintageTestEngine.java:72)&#13;
	at org.junit.platform.launcher.core.EngineExecutionOrchestrator.execute(EngineExecutionOrchestrator.java:107)&#13;
	at org.junit.platform.launcher.core.EngineExecutionOrchestrator.execute(EngineExecutionOrchestrator.java:88)&#13;
	at org.junit.platform.launcher.core.EngineExecutionOrchestrator.lambda$execute$0(EngineExecutionOrchestrator.java:54)&#13;
	at org.junit.platform.launcher.core.EngineExecutionOrchestrator.withInterceptedStreams(EngineExecutionOrchestrator.java:67)&#13;
	at org.junit.platform.launcher.core.EngineExecutionOrchestrator.execute(EngineExecutionOrchestrator.java:52)&#13;
	at org.junit.platform.launcher.core.DefaultLauncher.execute(DefaultLauncher.java:114)&#13;
	at org.junit.platform.launcher.core.DefaultLauncher.execute(DefaultLauncher.java:95)&#13;
	at org.junit.platform.launcher.core.DefaultLauncherSession$DelegatingLauncher.execute(DefaultLauncherSession.java:91)&#13;
	at org.junit.platform.launcher.core.SessionPerRequestLauncher.execute(SessionPerRequestLauncher.java:60)&#13;
	at org.eclipse.jdt.internal.junit5.runner.JUnit5TestReference.run(JUnit5TestReference.java:98)&#13;
	at org.eclipse.jdt.internal.junit.runner.TestExecution.run(TestExecution.java:40)&#13;
	at org.eclipse.jdt.internal.junit.runner.RemoteTestRunner.runTests(RemoteTestRunner.java:529)&#13;
	at org.eclipse.jdt.internal.junit.runner.RemoteTestRunner.runTests(RemoteTestRunner.java:756)&#13;
	at org.eclipse.jdt.internal.junit.runner.RemoteTestRunner.run(RemoteTestRunner.java:452)&#13;
	at org.eclipse.jdt.internal.junit.runner.RemoteTestRunner.main(RemoteTestRunner.java:210)&#13;
&#13;
</error>
      </testcase>
    </testsuite>
    <testsuite name="Validar Compra de produtos alterando o endereco de Entrega" incomplete="true" uniqueid="[engine:junit-vintage]/[runner:runner.Runner]/[test:rO0ABXNyAClpby5jdWN1bWJlci5qdW5pdC5GZWF0dXJlUnVubmVyJEZlYXR1cmVJZAAAAAAAAAABAgABTAADdXJpdAAOTGphdmEvbmV0L1VSSTt4cHNyAAxqYXZhLm5ldC5VUkmsAXguQ55JqwMAAUwABnN0cmluZ3QAEkxqYXZhL2xhbmcvU3RyaW5nO3hwdACQZmlsZTovLy9DOi9Vc2Vycy81NTgxOS9EZXNrdG9wL0Rlc2FmaW8lMjBRQSUyMC0lMjBKVVNUQS9kZXNhZmlvLWp1c3RhL2FjYWRlbWlhLXNlbGVuaXVtd2ViZHJpdmVyL3NyYy90ZXN0L3Jlc291cmNlcy9mZWF0dXJlcy9jZW5hcmlvVHJlcy5mZWF0dXJleA==]">
      <testcase name="(Validar Compra de produtos alterando o endereco de Entrega)" classname="Validar Compra de produtos alterando o endereco de Entrega" incomplete="true" uniqueid="[engine:junit-vintage]/[runner:runner.Runner]/[test:rO0ABXNyAClpby5jdWN1bWJlci5qdW5pdC5GZWF0dXJlUnVubmVyJEZlYXR1cmVJZAAAAAAAAAABAgABTAADdXJpdAAOTGphdmEvbmV0L1VSSTt4cHNyAAxqYXZhLm5ldC5VUkmsAXguQ55JqwMAAUwABnN0cmluZ3QAEkxqYXZhL2xhbmcvU3RyaW5nO3hwdACQZmlsZTovLy9DOi9Vc2Vycy81NTgxOS9EZXNrdG9wL0Rlc2FmaW8lMjBRQSUyMC0lMjBKVVNUQS9kZXNhZmlvLWp1c3RhL2FjYWRlbWlhLXNlbGVuaXVtd2ViZHJpdmVyL3NyYy90ZXN0L3Jlc291cmNlcy9mZWF0dXJlcy9jZW5hcmlvVHJlcy5mZWF0dXJleA==]/[test:rO0ABXNyAChpby5jdWN1bWJlci5qdW5pdC5QaWNrbGVSdW5uZXJzJFBpY2tsZUlkAAAAAAAAAAECAAJJAApwaWNrbGVMaW5lTAADdXJpdAAOTGphdmEvbmV0L1VSSTt4cAAAABhzcgAMamF2YS5uZXQuVVJJrAF4LkOeSasDAAFMAAZzdHJpbmd0ABJMamF2YS9sYW5nL1N0cmluZzt4cHQAkGZpbGU6Ly8vQzovVXNlcnMvNTU4MTkvRGVza3RvcC9EZXNhZmlvJTIwUUElMjAtJTIwSlVTVEEvZGVzYWZpby1qdXN0YS9hY2FkZW1pYS1zZWxlbml1bXdlYmRyaXZlci9zcmMvdGVzdC9yZXNvdXJjZXMvZmVhdHVyZXMvY2VuYXJpb1RyZXMuZmVhdHVyZXg=]"/>
    </testsuite>
    <testsuite name="Validar Compra de produto com o Pagamento por Cheque" incomplete="true" uniqueid="[engine:junit-vintage]/[runner:runner.Runner]/[test:rO0ABXNyAClpby5jdWN1bWJlci5qdW5pdC5GZWF0dXJlUnVubmVyJEZlYXR1cmVJZAAAAAAAAAABAgABTAADdXJpdAAOTGphdmEvbmV0L1VSSTt4cHNyAAxqYXZhLm5ldC5VUkmsAXguQ55JqwMAAUwABnN0cmluZ3QAEkxqYXZhL2xhbmcvU3RyaW5nO3hwdACOZmlsZTovLy9DOi9Vc2Vycy81NTgxOS9EZXNrdG9wL0Rlc2FmaW8lMjBRQSUyMC0lMjBKVVNUQS9kZXNhZmlvLWp1c3RhL2FjYWRlbWlhLXNlbGVuaXVtd2ViZHJpdmVyL3NyYy90ZXN0L3Jlc291cmNlcy9mZWF0dXJlcy9jZW5hcmlvVW0uZmVhdHVyZXg=]">
      <testcase name="(Validar Compra de produto com o Pagamento por Cheque)" classname="Validar Compra de produto com o Pagamento por Cheque" incomplete="true" uniqueid="[engine:junit-vintage]/[runner:runner.Runner]/[test:rO0ABXNyAClpby5jdWN1bWJlci5qdW5pdC5GZWF0dXJlUnVubmVyJEZlYXR1cmVJZAAAAAAAAAABAgABTAADdXJpdAAOTGphdmEvbmV0L1VSSTt4cHNyAAxqYXZhLm5ldC5VUkmsAXguQ55JqwMAAUwABnN0cmluZ3QAEkxqYXZhL2xhbmcvU3RyaW5nO3hwdACOZmlsZTovLy9DOi9Vc2Vycy81NTgxOS9EZXNrdG9wL0Rlc2FmaW8lMjBRQSUyMC0lMjBKVVNUQS9kZXNhZmlvLWp1c3RhL2FjYWRlbWlhLXNlbGVuaXVtd2ViZHJpdmVyL3NyYy90ZXN0L3Jlc291cmNlcy9mZWF0dXJlcy9jZW5hcmlvVW0uZmVhdHVyZXg=]/[test:rO0ABXNyAChpby5jdWN1bWJlci5qdW5pdC5QaWNrbGVSdW5uZXJzJFBpY2tsZUlkAAAAAAAAAAECAAJJAApwaWNrbGVMaW5lTAADdXJpdAAOTGphdmEvbmV0L1VSSTt4cAAAABlzcgAMamF2YS5uZXQuVVJJrAF4LkOeSasDAAFMAAZzdHJpbmd0ABJMamF2YS9sYW5nL1N0cmluZzt4cHQAjmZpbGU6Ly8vQzovVXNlcnMvNTU4MTkvRGVza3RvcC9EZXNhZmlvJTIwUUElMjAtJTIwSlVTVEEvZGVzYWZpby1qdXN0YS9hY2FkZW1pYS1zZWxlbml1bXdlYmRyaXZlci9zcmMvdGVzdC9yZXNvdXJjZXMvZmVhdHVyZXMvY2VuYXJpb1VtLmZlYXR1cmV4]"/>
    </testsuite>
  </testsuite>
</testrun>
